Using pre-set license
Built from '2020.3/staging' branch; Version is '2020.3.18f1 (a7d1c678663c) revision 10998214'; Using compiler version '192528614'; Build Type 'Release'
OS: 'Windows 10 Home; OS build 19043.1645; Version 2009; 64bit' Language: 'en' Physical Memory: 16316 MB
BatchMode: 1, IsHumanControllingUs: 0, StartBugReporterOnCrash: 0, Is64bit: 1, IsPro: 0

COMMAND LINE ARGUMENTS:
C:\Program Files\Unity\Hub\Editor\2020.3.18f1\Editor\Unity.exe
-adb2
-batchMode
-noUpm
-name
AssetImportWorker0
-projectPath
E:/Git/SGD/SGDUniverseAltSpace/SGDUniverseAltSpace
-logFile
Logs/AssetImportWorker0.log
-srvPort
52588
Successfully changed project path to: E:/Git/SGD/SGDUniverseAltSpace/SGDUniverseAltSpace
E:/Git/SGD/SGDUniverseAltSpace/SGDUniverseAltSpace
Using Asset Import Pipeline V2.
Refreshing native plugins compatible for Editor in 49.05 ms, found 2 plugins.
Preloading 0 native plugins for Editor in 0.00 ms.
Initialize engine version: 2020.3.18f1 (a7d1c678663c)
[Subsystems] Discovering subsystems at path C:/Program Files/Unity/Hub/Editor/2020.3.18f1/Editor/Data/Resources/UnitySubsystems
[Subsystems] Discovering subsystems at path E:/Git/SGD/SGDUniverseAltSpace/SGDUniverseAltSpace/Assets
GfxDevice: creating device client; threaded=0
Direct3D:
    Version:  Direct3D 11.0 [level 11.1]
    Renderer: NVIDIA GeForce RTX 2060 (ID=0x1f08)
    Vendor:   
    VRAM:     5980 MB
    Driver:   30.0.15.1215
Initialize mono
Mono path[0] = 'C:/Program Files/Unity/Hub/Editor/2020.3.18f1/Editor/Data/Managed'
Mono path[1] = 'C:/Program Files/Unity/Hub/Editor/2020.3.18f1/Editor/Data/MonoBleedingEdge/lib/mono/unityjit'
Mono config path = 'C:/Program Files/Unity/Hub/Editor/2020.3.18f1/Editor/Data/MonoBleedingEdge/etc'
Using monoOptions --debugger-agent=transport=dt_socket,embedding=1,server=y,suspend=n,address=127.0.0.1:56684
Begin MonoManager ReloadAssembly
Registering precompiled unity dll's ...
Register platform support module: C:/Program Files/Unity/Hub/Editor/2020.3.18f1/Editor/Data/PlaybackEngines/WebGLSupport/UnityEditor.WebGL.Extensions.dll
Register platform support module: C:/Program Files/Unity/Hub/Editor/2020.3.18f1/Editor/Data/PlaybackEngines/MacStandaloneSupport/UnityEditor.OSXStandalone.Extensions.dll
Register platform support module: C:/Program Files/Unity/Hub/Editor/2020.3.18f1/Editor/Data/PlaybackEngines/WindowsStandaloneSupport/UnityEditor.WindowsStandalone.Extensions.dll
Register platform support module: C:/Program Files/Unity/Hub/Editor/2020.3.18f1/Editor/Data/PlaybackEngines/LinuxStandaloneSupport/UnityEditor.LinuxStandalone.Extensions.dll
Register platform support module: C:/Program Files/Unity/Hub/Editor/2020.3.18f1/Editor/Data/PlaybackEngines/LuminSupport/UnityEditor.Lumin.Extensions.dll
Registered in 0.004890 seconds.
Native extension for Lumin target not found
Native extension for LinuxStandalone target not found
Native extension for WindowsStandalone target not found
Native extension for OSXStandalone target not found
Native extension for WebGL target not found
Refreshing native plugins compatible for Editor in 52.01 ms, found 2 plugins.
Preloading 0 native plugins for Editor in 0.00 ms.
Mono: successfully reloaded assembly
- Completed reload, in  2.248 seconds
Domain Reload Profiling:
	ReloadAssembly (2248ms)
		BeginReloadAssembly (56ms)
			ExecutionOrderSort (0ms)
			DisableScriptedObjects (0ms)
			BackupInstance (0ms)
			ReleaseScriptingObjects (0ms)
			CreateAndSetChildDomain (1ms)
		EndReloadAssembly (460ms)
			LoadAssemblies (55ms)
			RebuildTransferFunctionScriptingTraits (0ms)
			SetupTypeCache (166ms)
			ReleaseScriptCaches (0ms)
			RebuildScriptCaches (31ms)
			SetupLoadedEditorAssemblies (187ms)
				LogAssemblyErrors (0ms)
				InitializePlatformSupportModulesInManaged (8ms)
				SetLoadedEditorAssemblies (0ms)
				RefreshPlugins (52ms)
				BeforeProcessingInitializeOnLoad (17ms)
				ProcessInitializeOnLoadAttributes (82ms)
				ProcessInitializeOnLoadMethodAttributes (28ms)
				AfterProcessingInitializeOnLoad (0ms)
				EditorAssembliesLoaded (0ms)
			ExecutionOrderSort2 (0ms)
			AwakeInstancesAfterBackupRestoration (0ms)
Platform modules already initialized, skipping
Registering precompiled user dll's ...
Registered in 0.003728 seconds.
Begin MonoManager ReloadAssembly
Native extension for Lumin target not found
Native extension for LinuxStandalone target not found
Native extension for WindowsStandalone target not found
Native extension for OSXStandalone target not found
Native extension for WebGL target not found
Refreshing native plugins compatible for Editor in 49.64 ms, found 2 plugins.
Preloading 0 native plugins for Editor in 0.00 ms.
Mono: successfully reloaded assembly
- Completed reload, in  1.153 seconds
Domain Reload Profiling:
	ReloadAssembly (1154ms)
		BeginReloadAssembly (149ms)
			ExecutionOrderSort (0ms)
			DisableScriptedObjects (4ms)
			BackupInstance (0ms)
			ReleaseScriptingObjects (0ms)
			CreateAndSetChildDomain (18ms)
		EndReloadAssembly (923ms)
			LoadAssemblies (97ms)
			RebuildTransferFunctionScriptingTraits (0ms)
			SetupTypeCache (306ms)
			ReleaseScriptCaches (0ms)
			RebuildScriptCaches (45ms)
			SetupLoadedEditorAssemblies (355ms)
				LogAssemblyErrors (0ms)
				InitializePlatformSupportModulesInManaged (8ms)
				SetLoadedEditorAssemblies (0ms)
				RefreshPlugins (50ms)
				BeforeProcessingInitializeOnLoad (82ms)
				ProcessInitializeOnLoadAttributes (204ms)
				ProcessInitializeOnLoadMethodAttributes (4ms)
				AfterProcessingInitializeOnLoad (8ms)
				EditorAssembliesLoaded (0ms)
			ExecutionOrderSort2 (0ms)
			AwakeInstancesAfterBackupRestoration (6ms)
Platform modules already initialized, skipping
========================================================================
Worker process is ready to serve import requests
Launched and connected shader compiler UnityShaderCompiler.exe after 0.10 seconds
Refreshing native plugins compatible for Editor in 0.47 ms, found 2 plugins.
Preloading 0 native plugins for Editor in 0.00 ms.
Unloading 2549 Unused Serialized files (Serialized files now loaded: 0)
System memory in use before: 115.9 MB.
System memory in use after: 116.1 MB.

Unloading 17 unused Assets to reduce memory usage. Loaded Objects now: 2993.
Total: 3.460600 ms (FindLiveObjects: 0.250900 ms CreateObjectMapping: 0.138900 ms MarkObjects: 2.991800 ms  DeleteObjects: 0.077700 ms)

AssetImportParameters requested are different than current active one (requested -> active):
  custom:framework-win-MediaFoundation: 216162199b28c13a410421893ffa2e32 -> 
  custom:video-decoder-ogg-theora: a1e56fd34408186e4bbccfd4996cb3dc -> 
  custom:container-muxer-webm: aa71ff27fc2769a1b78a27578f13a17b -> 
  custom:container-demuxer-webm: 4f35f7cbe854078d1ac9338744f61a02 -> 
  custom:container-demuxer-ogg: 62fdf1f143b41e24485cea50d1cbac27 -> 
  custom:video-encoder-webm-vp8: eb34c28f22e8b96e1ab97ce403110664 -> 
  custom:video-decoder-webm-vp8: 9c59270c3fd7afecdb556c50c9e8de78 -> 
  custom:audio-decoder-ogg-vorbis: bf7c407c2cedff20999df2af8eb42d56 -> 
  custom:audio-encoder-webm-vorbis: bf7c407c2cedff20999df2af8eb42d56 -> 
========================================================================
Received Import Request.
  path: Assets/StudentAssets/Josh Lubert/Free Assets/computer-desk/textures/Mini_CompDesk_01_Material_Metallic.png
  artifactKey: Guid(5be2deb642484aa46ab0e257836ebbea) Importer(815301076,1909f56bfc062723c751e8b465ee728b)
Start importing Assets/StudentAssets/Josh Lubert/Free Assets/computer-desk/textures/Mini_CompDesk_01_Material_Metallic.png using Guid(5be2deb642484aa46ab0e257836ebbea) Importer(815301076,1909f56bfc062723c751e8b465ee728b)  -> (artifact id: '0966a626802d1f3726dd57efaf208b36') in 0.100939 seconds 
  Import took 0.104505 seconds .

========================================================================
Received Import Request.
  Time since last request: 0.000205 seconds.
  path: Assets/StudentAssets/Josh Lubert/Free Assets/computer-desk/textures/Mini_CompDesk_01_Material_BaseColor2.png
  artifactKey: Guid(5fbfe9d2ae0607a45bdd436a3550d8cf) Importer(815301076,1909f56bfc062723c751e8b465ee728b)
Start importing Assets/StudentAssets/Josh Lubert/Free Assets/computer-desk/textures/Mini_CompDesk_01_Material_BaseColor2.png using Guid(5fbfe9d2ae0607a45bdd436a3550d8cf) Importer(815301076,1909f56bfc062723c751e8b465ee728b)  -> (artifact id: 'da1506ac9f82b1d6907d1144cb4e794d') in 0.026625 seconds 
  Import took 0.031580 seconds .

========================================================================
Received Import Request.
  Time since last request: 0.000151 seconds.
  path: Assets/StudentAssets/Josh Lubert/Free Assets/computer-desk/textures/Mini_CompDesk_01_Material_Roughness.png
  artifactKey: Guid(1046ae8449d964949bc5ee6f7226cfb6) Importer(815301076,1909f56bfc062723c751e8b465ee728b)
Start importing Assets/StudentAssets/Josh Lubert/Free Assets/computer-desk/textures/Mini_CompDesk_01_Material_Roughness.png using Guid(1046ae8449d964949bc5ee6f7226cfb6) Importer(815301076,1909f56bfc062723c751e8b465ee728b)  -> (artifact id: '68d93996089a0e4accf4182323017f12') in 0.024899 seconds 
  Import took 0.028962 seconds .

========================================================================
Received Import Request.
  Time since last request: 13.358300 seconds.
  path: Assets/Scenes/TestScene.unity
  artifactKey: Guid(59c48b173ed18ec4283ec6a29a64ea65) Importer(815301076,1909f56bfc062723c751e8b465ee728b)
Start importing Assets/Scenes/TestScene.unity using Guid(59c48b173ed18ec4283ec6a29a64ea65) Importer(815301076,1909f56bfc062723c751e8b465ee728b)  -> (artifact id: '38fbff91004e9b4a1759950275db91b1') in 0.005660 seconds 
  Import took 0.010056 seconds .

========================================================================
Received Import Request.
  Time since last request: 13.980310 seconds.
  path: Assets/Scenes/Stairs Left And Right.fbx
  artifactKey: Guid(02fffac43d8fc374094a7cbc40b77762) Importer(815301076,1909f56bfc062723c751e8b465ee728b)
Start importing Assets/Scenes/Stairs Left And Right.fbx using Guid(02fffac43d8fc374094a7cbc40b77762) Importer(815301076,1909f56bfc062723c751e8b465ee728b)  -> (artifact id: 'f828570c7530e173b2c7f73362917637') in 0.501002 seconds 
  Import took 0.505957 seconds .

========================================================================
Received Import Request.
  Time since last request: 5.811170 seconds.
  path: Assets/StudentAssets/Josh Lubert/Created Assets/Stairs.fbx
  artifactKey: Guid(3852fde81fd630a4f8fcae3fefe62132) Importer(815301076,1909f56bfc062723c751e8b465ee728b)
Start importing Assets/StudentAssets/Josh Lubert/Created Assets/Stairs.fbx using Guid(3852fde81fd630a4f8fcae3fefe62132) Importer(815301076,1909f56bfc062723c751e8b465ee728b)  -> (artifact id: 'bf1affaa0cceb89a7df072e4f25295f9') in 0.102782 seconds 
  Import took 0.106790 seconds .

========================================================================
Received Import Request.
  Time since last request: 25.596550 seconds.
  path: Assets/Block Out SGD Building.fbx
  artifactKey: Guid(0482b3afd4ad9c84792dcf306a5ac9d8) Importer(815301076,1909f56bfc062723c751e8b465ee728b)
Start importing Assets/Block Out SGD Building.fbx using Guid(0482b3afd4ad9c84792dcf306a5ac9d8) Importer(815301076,1909f56bfc062723c751e8b465ee728b)  -> (artifact id: 'fd9dee6c7b5cc7b960c9b78384b7a9c4') in 0.061773 seconds 
  Import took 0.065858 seconds .

AssetImportWorkerClient::OnTransportError - code=2 error=End of file
